<?xml version="1.0" encoding="UTF-8"?>
<!-- Generated by org.testng.reporters.JUnitReportReporter -->
<testsuite hostname="Shrees-MacBook-Air.local" failures="0" tests="7" name="Tests.LoginTests" time="1.976" errors="0" timestamp="2025-03-19T20:29:42 PDT" skipped="0">
  <testcase classname="Tests.LoginTests" name="test_LoginScenarios" time="0.222"/>
  <testcase classname="Tests.LoginTests" name="test_LoginScenarios" time="0.497"/>
  <testcase classname="Tests.LoginTests" name="test_LoginScenarios" time="0.301"/>
  <testcase classname="Tests.LoginTests" name="test_LoginScenarios" time="0.235"/>
  <testcase classname="Tests.LoginTests" name="test_LoginScenarios" time="0.226"/>
  <testcase classname="Tests.LoginTests" name="test_LoginScenarios" time="0.237"/>
  <testcase classname="Tests.LoginTests" name="test_LoginScenarios" time="0.258"/>
</testsuite> <!-- Tests.LoginTests -->
