<?xml version="1.0" encoding="UTF-8"?>
<!-- Generated by org.testng.reporters.JUnitReportReporter -->
<testsuite hostname="Shrees-MacBook-Air.local" failures="0" tests="3" name="Tests.SanityTests" time="9.635" errors="0" timestamp="2025-03-16T13:33:20 PDT" skipped="0">
  <testcase classname="Tests.SanityTests" name="test_logout" time="2.062"/>
  <testcase classname="Tests.SanityTests" name="test_AddData" time="0.441"/>
  <testcase classname="Tests.SanityTests" name="test_GetData" time="7.132"/>
</testsuite> <!-- Tests.SanityTests -->
