<?xml version="1.0" encoding="UTF-8"?>
<!-- Generated by org.testng.reporters.JUnitReportReporter -->
<testsuite hostname="Shrees-MacBook-Air.local" failures="0" tests="1" name="Tests.DeleteDataTests" time="2.510" errors="0" timestamp="2025-03-19T20:29:42 PDT" skipped="0">
  <testcase classname="Tests.DeleteDataTests" name="test_UpdateData" time="2.510"/>
</testsuite> <!-- Tests.DeleteDataTests -->
